<?xml version="1.0" encoding="UTF-8"?>
<!-- Generated by org.testng.reporters.JUnitXMLReporter -->
<testsuite hostname="ip-172-31-22-110" ignored="0" name="My Test 1" tests="4" failures="0" timestamp="2021-10-23T06:22:25 UTC" time="0.061" errors="0">
  <testcase name="test1_1" time="0.013" classname="com.simplilearn.MyTest"/>
  <testcase name="test1_2" time="0.002" classname="com.simplilearn.MyTest"/>
  <testcase name="test2_1" time="0.001" classname="com.simplilearn.MyTestClass2"/>
  <testcase name="test2_2" time="0.001" classname="com.simplilearn.MyTestClass2"/>
</testsuite> <!-- My Test 1 -->
