<?xml version="1.0" encoding="UTF-8"?>
<!-- Generated by org.testng.reporters.JUnitXMLReporter -->
<testsuite hostname="ip-172-31-22-110" ignored="0" name="LoginTest" tests="5" failures="0" timestamp="2021-10-23T07:28:09 UTC" time="0.07" errors="0">
  <testcase name="@BeforeTest beftest" time="0.002" classname="com.simplilearn.MyTestClass2">
    <failure type="java.lang.AssertionError" message="expected [true] but found [false]">
      <![CDATA[java.lang.AssertionError: expected [true] but found [false]
at com.simplilearn.MyTestClass2.beftest(MyTestClass2.java:39)
... Removed 28 stack frames]]>
    </failure>
  </testcase> <!-- @BeforeTest beftest -->
  <testcase name="@AfterTest bafttest" time="-1.634974089778E9" classname="com.simplilearn.MyTestClass2">
    <skipped/>
  </testcase> <!-- @AfterTest bafttest -->
  <testcase name="test2_1" time="0.0" classname="com.simplilearn.MyTestClass2">
    <skipped/>
  </testcase> <!-- test2_1 -->
  <testcase name="test2_2" time="0.0" classname="com.simplilearn.MyTestClass2">
    <skipped/>
  </testcase> <!-- test2_2 -->
  <testcase name="test2_3" time="0.0" classname="com.simplilearn.MyTestClass2">
    <skipped/>
  </testcase> <!-- test2_3 -->
  <testcase name="test2_4" time="0.0" classname="com.simplilearn.MyTestClass2">
    <skipped/>
  </testcase> <!-- test2_4 -->
  <testcase name="test2_5" time="0.0" classname="com.simplilearn.MyTestClass2">
    <skipped/>
  </testcase> <!-- test2_5 -->
</testsuite> <!-- LoginTest -->
