<?xml version="1.0" encoding="UTF-8"?>
<!-- Generated by org.testng.reporters.JUnitXMLReporter -->
<testsuite hostname="ip-172-31-22-110" ignored="0" name="resetPasswordTestCases" tests="2" failures="0" timestamp="2021-10-23T07:28:09 UTC" time="0.007" errors="0">
  <testcase name="testUserIsAbleToResetPasswordViaEmail" time="0.002" classname="com.simplilearn.ResetPasswordTests"/>
  <testcase name="testUserIsAbleToResetPasswordViaSMS" time="0.001" classname="com.simplilearn.ResetPasswordTests"/>
</testsuite> <!-- resetPasswordTestCases -->
