<?xml version="1.0" encoding="UTF-8"?>
<!-- Generated by org.testng.reporters.JUnitXMLReporter -->
<testsuite hostname="ip-172-31-22-110" ignored="0" name="My Test 1" tests="3" failures="0" timestamp="2021-10-24T07:34:31 UTC" time="0.048" errors="0">
  <testcase name="Test1" time="0.009" classname="com.simplilearn2.tests1.Tests1"/>
  <testcase name="parentTest" time="0.001" classname="com.simplilearn2.AmazonLoginTests"/>
  <testcase name="Test1" time="0.001" classname="com.simplilearn2.tests2.Tests2"/>
</testsuite> <!-- My Test 1 -->
